Using pre-set license
Built from '2021.3/staging' branch; Version is '2021.3.22f1 (b6c551784ba3) revision 11978065'; Using compiler version '192829333'; Build Type 'Release'
OS: 'Windows 11  (10.0.22000) 64bit Core' Language: 'en' Physical Memory: 8029 MB
BatchMode: 1, IsHumanControllingUs: 0, StartBugReporterOnCrash: 0, Is64bit: 1, IsPro: 1

COMMAND LINE ARGUMENTS:
C:\Program Files\Unity\Hub\Editor\2021.3.22f1\Editor\Unity.exe
-adb2
-batchMode
-noUpm
-name
AssetImportWorker0
-projectPath
C:/Users/roare/Documents/Unity Projects/Fighter Planes
-logFile
Logs/AssetImportWorker0.log
-srvPort
52624
Successfully changed project path to: C:/Users/roare/Documents/Unity Projects/Fighter Planes
C:/Users/roare/Documents/Unity Projects/Fighter Planes
[UnityMemory] Configuration Parameters - Can be set up in boot.config
    "memorysetup-bucket-allocator-granularity=16"
    "memorysetup-bucket-allocator-bucket-count=8"
    "memorysetup-bucket-allocator-block-size=33554432"
    "memorysetup-bucket-allocator-block-count=8"
    "memorysetup-main-allocator-block-size=16777216"
    "memorysetup-thread-allocator-block-size=16777216"
    "memorysetup-gfx-main-allocator-block-size=16777216"
    "memorysetup-gfx-thread-allocator-block-size=16777216"
    "memorysetup-cache-allocator-block-size=4194304"
    "memorysetup-typetree-allocator-block-size=2097152"
    "memorysetup-profiler-bucket-allocator-granularity=16"
    "memorysetup-profiler-bucket-allocator-bucket-count=8"
    "memorysetup-profiler-bucket-allocator-block-size=33554432"
    "memorysetup-profiler-bucket-allocator-block-count=8"
    "memorysetup-profiler-allocator-block-size=16777216"
    "memorysetup-profiler-editor-allocator-block-size=1048576"
    "memorysetup-temp-allocator-size-main=16777216"
    "memorysetup-job-temp-allocator-block-size=2097152"
    "memorysetup-job-temp-allocator-block-size-background=1048576"
    "memorysetup-job-temp-allocator-reduction-small-platforms=262144"
    "memorysetup-temp-allocator-size-background-worker=32768"
    "memorysetup-temp-allocator-size-job-worker=262144"
    "memorysetup-temp-allocator-size-preload-manager=33554432"
    "memorysetup-temp-allocator-size-nav-mesh-worker=65536"
    "memorysetup-temp-allocator-size-audio-worker=65536"
    "memorysetup-temp-allocator-size-cloud-worker=32768"
    "memorysetup-temp-allocator-size-gi-baking-worker=262144"
    "memorysetup-temp-allocator-size-gfx=262144"
Player connection [8772] Host "[IP] 192.168.1.104 [Port] 0 [Flags] 2 [Guid] 180728687 [EditorId] 180728687 [Version] 1048832 [Id] WindowsEditor(7,LAPTOP-RA2CMLGU) [Debug] 1 [PackageName] WindowsEditor [ProjectName] Editor" joined multi-casting on [225.0.0.222:54997]...

Player connection [8772] Host "[IP] 192.168.1.104 [Port] 0 [Flags] 2 [Guid] 180728687 [EditorId] 180728687 [Version] 1048832 [Id] WindowsEditor(7,LAPTOP-RA2CMLGU) [Debug] 1 [PackageName] WindowsEditor [ProjectName] Editor" joined alternative multi-casting on [225.0.0.222:34997]...

Refreshing native plugins compatible for Editor in 240.99 ms, found 3 plugins.
Preloading 0 native plugins for Editor in 0.00 ms.
Initialize engine version: 2021.3.22f1 (b6c551784ba3)
[Subsystems] Discovering subsystems at path C:/Program Files/Unity/Hub/Editor/2021.3.22f1/Editor/Data/Resources/UnitySubsystems
[Subsystems] Discovering subsystems at path C:/Users/roare/Documents/Unity Projects/Fighter Planes/Assets
GfxDevice: creating device client; threaded=0; jobified=0
Direct3D:
    Version:  Direct3D 11.0 [level 11.1]
    Renderer: NVIDIA GeForce GTX 1650 (ID=0x1f91)
    Vendor:   NVIDIA
    VRAM:     3949 MB
    Driver:   31.0.15.2698
Initialize mono
Mono path[0] = 'C:/Program Files/Unity/Hub/Editor/2021.3.22f1/Editor/Data/Managed'
Mono path[1] = 'C:/Program Files/Unity/Hub/Editor/2021.3.22f1/Editor/Data/MonoBleedingEdge/lib/mono/unityjit-win32'
Mono config path = 'C:/Program Files/Unity/Hub/Editor/2021.3.22f1/Editor/Data/MonoBleedingEdge/etc'
Using monoOptions --debugger-agent=transport=dt_socket,embedding=1,server=y,suspend=n,address=127.0.0.1:56916
Begin MonoManager ReloadAssembly
Registering precompiled unity dll's ...
Register platform support module: C:/Program Files/Unity/Hub/Editor/2021.3.22f1/Editor/Data/PlaybackEngines/WebGLSupport/UnityEditor.WebGL.Extensions.dll
Register platform support module: C:/Program Files/Unity/Hub/Editor/2021.3.22f1/Editor/Data/PlaybackEngines/WindowsStandaloneSupport/UnityEditor.WindowsStandalone.Extensions.dll
Registered in 0.036387 seconds.
Native extension for WindowsStandalone target not found
Native extension for WebGL target not found
Refreshing native plugins compatible for Editor in 215.55 ms, found 3 plugins.
Preloading 0 native plugins for Editor in 0.00 ms.
Mono: successfully reloaded assembly
- Completed reload, in  3.024 seconds
Domain Reload Profiling:
	ReloadAssembly (3027ms)
		BeginReloadAssembly (413ms)
			ExecutionOrderSort (0ms)
			DisableScriptedObjects (0ms)
			BackupInstance (0ms)
			ReleaseScriptingObjects (0ms)
			CreateAndSetChildDomain (2ms)
		EndReloadAssembly (2009ms)
			LoadAssemblies (409ms)
			RebuildTransferFunctionScriptingTraits (0ms)
			SetupTypeCache (555ms)
			ReleaseScriptCaches (0ms)
			RebuildScriptCaches (129ms)
			SetupLoadedEditorAssemblies (1131ms)
				LogAssemblyErrors (0ms)
				InitializePlatformSupportModulesInManaged (36ms)
				SetLoadedEditorAssemblies (1ms)
				RefreshPlugins (216ms)
				BeforeProcessingInitializeOnLoad (2ms)
				ProcessInitializeOnLoadAttributes (530ms)
				ProcessInitializeOnLoadMethodAttributes (346ms)
				AfterProcessingInitializeOnLoad (0ms)
				EditorAssembliesLoaded (0ms)
			ExecutionOrderSort2 (0ms)
			AwakeInstancesAfterBackupRestoration (0ms)
Platform modules already initialized, skipping
Registering precompiled user dll's ...
Registered in 0.033103 seconds.
Begin MonoManager ReloadAssembly
Symbol file LoadedFromMemory doesn't match image C:\Users\roare\Documents\Unity Projects\Fighter Planes\Library\PackageCache\com.unity.visualscripting@1.8.0\Editor\VisualScripting.Core\Dependencies\YamlDotNet\Unity.VisualScripting.YamlDotNet.dll
Symbol file LoadedFromMemory doesn't match image C:\Users\roare\Documents\Unity Projects\Fighter Planes\Library\PackageCache\com.unity.visualscripting@1.8.0\Editor\VisualScripting.Core\Dependencies\DotNetZip\Unity.VisualScripting.IonicZip.dll
Native extension for WindowsStandalone target not found
Native extension for WebGL target not found
Refreshing native plugins compatible for Editor in 0.56 ms, found 3 plugins.
Preloading 0 native plugins for Editor in 0.00 ms.
Mono: successfully reloaded assembly
- Completed reload, in  2.216 seconds
Domain Reload Profiling:
	ReloadAssembly (2217ms)
		BeginReloadAssembly (478ms)
			ExecutionOrderSort (0ms)
			DisableScriptedObjects (39ms)
			BackupInstance (0ms)
			ReleaseScriptingObjects (0ms)
			CreateAndSetChildDomain (127ms)
		EndReloadAssembly (1563ms)
			LoadAssemblies (285ms)
			RebuildTransferFunctionScriptingTraits (0ms)
			SetupTypeCache (609ms)
			ReleaseScriptCaches (1ms)
			RebuildScriptCaches (110ms)
			SetupLoadedEditorAssemblies (572ms)
				LogAssemblyErrors (0ms)
				InitializePlatformSupportModulesInManaged (6ms)
				SetLoadedEditorAssemblies (0ms)
				RefreshPlugins (1ms)
				BeforeProcessingInitializeOnLoad (96ms)
				ProcessInitializeOnLoadAttributes (427ms)
				ProcessInitializeOnLoadMethodAttributes (33ms)
				AfterProcessingInitializeOnLoad (9ms)
				EditorAssembliesLoaded (0ms)
			ExecutionOrderSort2 (0ms)
			AwakeInstancesAfterBackupRestoration (10ms)
Platform modules already initialized, skipping
========================================================================
Worker process is ready to serve import requests
Launched and connected shader compiler UnityShaderCompiler.exe after 0.16 seconds
Refreshing native plugins compatible for Editor in 4.67 ms, found 3 plugins.
Preloading 0 native plugins for Editor in 0.00 ms.
Unloading 3070 Unused Serialized files (Serialized files now loaded: 0)
Unloading 24 unused Assets / (113.4 KB). Loaded Objects now: 3530.
Memory consumption went from 110.0 MB to 109.9 MB.
Total: 10.019300 ms (FindLiveObjects: 0.665300 ms CreateObjectMapping: 0.469100 ms MarkObjects: 8.578300 ms  DeleteObjects: 0.304300 ms)

AssetImportParameters requested are different than current active one (requested -> active):
  custom:video-decoder-ogg-theora: a1e56fd34408186e4bbccfd4996cb3dc -> 
  custom:container-muxer-webm: aa71ff27fc2769a1b78a27578f13a17b -> 
  custom:container-demuxer-webm: 4f35f7cbe854078d1ac9338744f61a02 -> 
  custom:video-encoder-webm-vp8: eb34c28f22e8b96e1ab97ce403110664 -> 
  custom:audio-encoder-webm-vorbis: bf7c407c2cedff20999df2af8eb42d56 -> 
  custom:framework-win-MediaFoundation: 216162199b28c13a410421893ffa2e32 -> 
  custom:container-demuxer-ogg: 62fdf1f143b41e24485cea50d1cbac27 -> 
  custom:video-decoder-webm-vp8: 9c59270c3fd7afecdb556c50c9e8de78 -> 
  custom:audio-decoder-ogg-vorbis: bf7c407c2cedff20999df2af8eb42d56 -> 
========================================================================
Received Import Request.
  Time since last request: 2967747.275863 seconds.
  path: Assets/Scripts/Shield.cs
  artifactKey: Guid(cbb0e4dd6d647ab40a0d5e2d95869dcd) Importer(815301076,1909f56bfc062723c751e8b465ee728b)
Start importing Assets/Scripts/Shield.cs using Guid(cbb0e4dd6d647ab40a0d5e2d95869dcd) Importer(815301076,1909f56bfc062723c751e8b465ee728b)  -> (artifact id: 'ce75ae8768278f967a23c6fdf46cef43') in 0.131044 seconds 
========================================================================
Received Prepare
Registering precompiled user dll's ...
Registered in 0.007397 seconds.
Begin MonoManager ReloadAssembly
Symbol file LoadedFromMemory doesn't match image C:\Users\roare\Documents\Unity Projects\Fighter Planes\Library\PackageCache\com.unity.visualscripting@1.8.0\Editor\VisualScripting.Core\Dependencies\YamlDotNet\Unity.VisualScripting.YamlDotNet.dll
Symbol file LoadedFromMemory doesn't match image C:\Users\roare\Documents\Unity Projects\Fighter Planes\Library\PackageCache\com.unity.visualscripting@1.8.0\Editor\VisualScripting.Core\Dependencies\DotNetZip\Unity.VisualScripting.IonicZip.dll
Native extension for WindowsStandalone target not found
Native extension for WebGL target not found
Refreshing native plugins compatible for Editor in 0.68 ms, found 3 plugins.
Preloading 0 native plugins for Editor in 0.00 ms.
Mono: successfully reloaded assembly
- Completed reload, in  1.480 seconds
Domain Reload Profiling:
	ReloadAssembly (1481ms)
		BeginReloadAssembly (408ms)
			ExecutionOrderSort (0ms)
			DisableScriptedObjects (9ms)
			BackupInstance (0ms)
			ReleaseScriptingObjects (0ms)
			CreateAndSetChildDomain (126ms)
		EndReloadAssembly (947ms)
			LoadAssemblies (253ms)
			RebuildTransferFunctionScriptingTraits (0ms)
			SetupTypeCache (339ms)
			ReleaseScriptCaches (1ms)
			RebuildScriptCaches (46ms)
			SetupLoadedEditorAssemblies (394ms)
				LogAssemblyErrors (0ms)
				InitializePlatformSupportModulesInManaged (8ms)
				SetLoadedEditorAssemblies (1ms)
				RefreshPlugins (1ms)
				BeforeProcessingInitializeOnLoad (91ms)
				ProcessInitializeOnLoadAttributes (266ms)
				ProcessInitializeOnLoadMethodAttributes (19ms)
				AfterProcessingInitializeOnLoad (9ms)
				EditorAssembliesLoaded (0ms)
			ExecutionOrderSort2 (0ms)
			AwakeInstancesAfterBackupRestoration (6ms)
Platform modules already initialized, skipping
Refreshing native plugins compatible for Editor in 5.50 ms, found 3 plugins.
Preloading 0 native plugins for Editor in 0.00 ms.
Unloading 3051 Unused Serialized files (Serialized files now loaded: 0)
Unloading 18 unused Assets / (80.0 KB). Loaded Objects now: 3532.
Memory consumption went from 108.5 MB to 108.4 MB.
Total: 6.987400 ms (FindLiveObjects: 0.994900 ms CreateObjectMapping: 0.571200 ms MarkObjects: 5.210500 ms  DeleteObjects: 0.208400 ms)

AssetImportParameters requested are different than current active one (requested -> active):
  custom:video-decoder-ogg-theora: a1e56fd34408186e4bbccfd4996cb3dc -> 
  custom:container-muxer-webm: aa71ff27fc2769a1b78a27578f13a17b -> 
  custom:container-demuxer-webm: 4f35f7cbe854078d1ac9338744f61a02 -> 
  custom:video-encoder-webm-vp8: eb34c28f22e8b96e1ab97ce403110664 -> 
  custom:audio-encoder-webm-vorbis: bf7c407c2cedff20999df2af8eb42d56 -> 
  custom:framework-win-MediaFoundation: 216162199b28c13a410421893ffa2e32 -> 
  custom:container-demuxer-ogg: 62fdf1f143b41e24485cea50d1cbac27 -> 
  custom:video-decoder-webm-vp8: 9c59270c3fd7afecdb556c50c9e8de78 -> 
  custom:audio-decoder-ogg-vorbis: bf7c407c2cedff20999df2af8eb42d56 -> 
========================================================================
Received Import Request.
  Time since last request: 36.637453 seconds.
  path: Assets/Scripts/GameManager.cs
  artifactKey: Guid(0a8f3bb7954e09c4594a5ddcee87d73d) Importer(815301076,1909f56bfc062723c751e8b465ee728b)
Start importing Assets/Scripts/GameManager.cs using Guid(0a8f3bb7954e09c4594a5ddcee87d73d) Importer(815301076,1909f56bfc062723c751e8b465ee728b)  -> (artifact id: '82ac9933abadd3bb2a38b0fa08a528b4') in 0.027641 seconds 
========================================================================
Received Import Request.
  Time since last request: 27.703403 seconds.
  path: Assets/Scripts/Player.cs
  artifactKey: Guid(1cdd47e750417b443ba27da9d29acf1d) Importer(815301076,1909f56bfc062723c751e8b465ee728b)
Start importing Assets/Scripts/Player.cs using Guid(1cdd47e750417b443ba27da9d29acf1d) Importer(815301076,1909f56bfc062723c751e8b465ee728b)  -> (artifact id: 'e80d65056a93c2cb886c296d8d01bb20') in 0.013818 seconds 
========================================================================
Received Prepare
Registering precompiled user dll's ...
Registered in 0.011322 seconds.
Begin MonoManager ReloadAssembly
Symbol file LoadedFromMemory doesn't match image C:\Users\roare\Documents\Unity Projects\Fighter Planes\Library\PackageCache\com.unity.visualscripting@1.8.0\Editor\VisualScripting.Core\Dependencies\YamlDotNet\Unity.VisualScripting.YamlDotNet.dll
Symbol file LoadedFromMemory doesn't match image C:\Users\roare\Documents\Unity Projects\Fighter Planes\Library\PackageCache\com.unity.visualscripting@1.8.0\Editor\VisualScripting.Core\Dependencies\DotNetZip\Unity.VisualScripting.IonicZip.dll
Native extension for WindowsStandalone target not found
Native extension for WebGL target not found
Refreshing native plugins compatible for Editor in 0.51 ms, found 3 plugins.
Preloading 0 native plugins for Editor in 0.00 ms.
Mono: successfully reloaded assembly
- Completed reload, in  1.644 seconds
Domain Reload Profiling:
	ReloadAssembly (1648ms)
		BeginReloadAssembly (229ms)
			ExecutionOrderSort (0ms)
			DisableScriptedObjects (11ms)
			BackupInstance (0ms)
			ReleaseScriptingObjects (0ms)
			CreateAndSetChildDomain (49ms)
		EndReloadAssembly (1278ms)
			LoadAssemblies (147ms)
			RebuildTransferFunctionScriptingTraits (0ms)
			SetupTypeCache (376ms)
			ReleaseScriptCaches (1ms)
			RebuildScriptCaches (52ms)
			SetupLoadedEditorAssemblies (650ms)
				LogAssemblyErrors (0ms)
				InitializePlatformSupportModulesInManaged (6ms)
				SetLoadedEditorAssemblies (0ms)
				RefreshPlugins (1ms)
				BeforeProcessingInitializeOnLoad (82ms)
				ProcessInitializeOnLoadAttributes (462ms)
				ProcessInitializeOnLoadMethodAttributes (83ms)
				AfterProcessingInitializeOnLoad (13ms)
				EditorAssembliesLoaded (2ms)
			ExecutionOrderSort2 (0ms)
			AwakeInstancesAfterBackupRestoration (17ms)
Platform modules already initialized, skipping
Refreshing native plugins compatible for Editor in 2.32 ms, found 3 plugins.
Preloading 0 native plugins for Editor in 0.00 ms.
Unloading 3051 Unused Serialized files (Serialized files now loaded: 0)
Unloading 17 unused Assets / (80.1 KB). Loaded Objects now: 3535.
Memory consumption went from 108.5 MB to 108.5 MB.
Total: 4.178000 ms (FindLiveObjects: 0.559500 ms CreateObjectMapping: 0.386300 ms MarkObjects: 3.099000 ms  DeleteObjects: 0.131900 ms)

AssetImportParameters requested are different than current active one (requested -> active):
  custom:video-decoder-ogg-theora: a1e56fd34408186e4bbccfd4996cb3dc -> 
  custom:container-muxer-webm: aa71ff27fc2769a1b78a27578f13a17b -> 
  custom:container-demuxer-webm: 4f35f7cbe854078d1ac9338744f61a02 -> 
  custom:video-encoder-webm-vp8: eb34c28f22e8b96e1ab97ce403110664 -> 
  custom:audio-encoder-webm-vorbis: bf7c407c2cedff20999df2af8eb42d56 -> 
  custom:framework-win-MediaFoundation: 216162199b28c13a410421893ffa2e32 -> 
  custom:container-demuxer-ogg: 62fdf1f143b41e24485cea50d1cbac27 -> 
  custom:video-decoder-webm-vp8: 9c59270c3fd7afecdb556c50c9e8de78 -> 
  custom:audio-decoder-ogg-vorbis: bf7c407c2cedff20999df2af8eb42d56 -> 
========================================================================
Received Import Request.
  Time since last request: 566.211687 seconds.
  path: Assets/Prefabs/Cloud.prefab
  artifactKey: Guid(2aa5a463c43b66640881fb97ef1000b8) Importer(815301076,1909f56bfc062723c751e8b465ee728b)
Start importing Assets/Prefabs/Cloud.prefab using Guid(2aa5a463c43b66640881fb97ef1000b8) Importer(815301076,1909f56bfc062723c751e8b465ee728b)  -> (artifact id: '56bdcce87d68f0ed3714e43ad874aa77') in 0.421630 seconds 
========================================================================
Received Import Request.
  Time since last request: 0.000044 seconds.
  path: Assets/Prefabs/Health.prefab
  artifactKey: Guid(5496961158f3e2847ac1e320518579fe) Importer(815301076,1909f56bfc062723c751e8b465ee728b)
Start importing Assets/Prefabs/Health.prefab using Guid(5496961158f3e2847ac1e320518579fe) Importer(815301076,1909f56bfc062723c751e8b465ee728b)  -> (artifact id: '2e7daf91107ae71854a637fe86ff440b') in 0.175701 seconds 
========================================================================
Received Import Request.
  Time since last request: 0.000046 seconds.
  path: Assets/Prefabs/Shield.prefab
  artifactKey: Guid(944a6366d8572764c8512a7b325d7174) Importer(815301076,1909f56bfc062723c751e8b465ee728b)
Start importing Assets/Prefabs/Shield.prefab using Guid(944a6366d8572764c8512a7b325d7174) Importer(815301076,1909f56bfc062723c751e8b465ee728b)  -> (artifact id: '2b2905e1ffee6a5c4641ff84579f864d') in 0.012902 seconds 
========================================================================
Received Import Request.
  Time since last request: 0.000133 seconds.
  path: Assets/Prefabs/Player.prefab
  artifactKey: Guid(d32cd24f901ee944ea65b1393124f6ae) Importer(815301076,1909f56bfc062723c751e8b465ee728b)
Start importing Assets/Prefabs/Player.prefab using Guid(d32cd24f901ee944ea65b1393124f6ae) Importer(815301076,1909f56bfc062723c751e8b465ee728b)  -> (artifact id: '3831cbae5afd5b7a5bc8ccaed0c6c2ee') in 0.621645 seconds 
========================================================================
Received Import Request.
  Time since last request: 0.000124 seconds.
  path: Assets/Prefabs/Powerup.prefab
  artifactKey: Guid(b77a0d2fc50f2e4419d869fb2a58d886) Importer(815301076,1909f56bfc062723c751e8b465ee728b)
Start importing Assets/Prefabs/Powerup.prefab using Guid(b77a0d2fc50f2e4419d869fb2a58d886) Importer(815301076,1909f56bfc062723c751e8b465ee728b)  -> (artifact id: '7de7d5a6358f5660a5dbc2196765ff66') in 0.146924 seconds 
========================================================================
Received Import Request.
  Time since last request: 26.335791 seconds.
  path: Assets/Sprites/Player_Shield/Shields_00001.png
  artifactKey: Guid(a33809a783f7acd4fb66e0f1131c32d8) Importer(815301076,1909f56bfc062723c751e8b465ee728b)
Start importing Assets/Sprites/Player_Shield/Shields_00001.png using Guid(a33809a783f7acd4fb66e0f1131c32d8) Importer(815301076,1909f56bfc062723c751e8b465ee728b)  -> (artifact id: '4c46a7bfaa728983e65229672a599512') in 0.375804 seconds 
========================================================================
Received Import Request.
  Time since last request: 0.000251 seconds.
  path: Assets/Sprites/Player_Shield/Shields_00008.png
  artifactKey: Guid(be96c42c07e479b4cbd16da1fdb7c1cb) Importer(815301076,1909f56bfc062723c751e8b465ee728b)
Start importing Assets/Sprites/Player_Shield/Shields_00008.png using Guid(be96c42c07e479b4cbd16da1fdb7c1cb) Importer(815301076,1909f56bfc062723c751e8b465ee728b)  -> (artifact id: 'c13c1f399de3ad37ac0f59f0fff7508c') in 0.415804 seconds 
========================================================================
Received Import Request.
  Time since last request: 0.000061 seconds.
  path: Assets/Sprites/Player_Shield/Shields_00015.png
  artifactKey: Guid(879a1d7f2dac9fa4fb68d86db6b9781e) Importer(815301076,1909f56bfc062723c751e8b465ee728b)
Start importing Assets/Sprites/Player_Shield/Shields_00015.png using Guid(879a1d7f2dac9fa4fb68d86db6b9781e) Importer(815301076,1909f56bfc062723c751e8b465ee728b)  -> (artifact id: 'f4c7ad6f8077e6029fc2aeffcb078931') in 0.510848 seconds 
========================================================================
Received Import Request.
  Time since last request: 0.000090 seconds.
  path: Assets/Sprites/Player_Shield/Shields_00009.png
  artifactKey: Guid(3ac637c4ede75e147b4607bb00b424f0) Importer(815301076,1909f56bfc062723c751e8b465ee728b)
Start importing Assets/Sprites/Player_Shield/Shields_00009.png using Guid(3ac637c4ede75e147b4607bb00b424f0) Importer(815301076,1909f56bfc062723c751e8b465ee728b)  -> (artifact id: 'e9ca2da9b387ee3197447262989c2b57') in 0.473009 seconds 
========================================================================
Received Import Request.
  Time since last request: 0.000043 seconds.
  path: Assets/Sprites/Player_Shield/Shields_00014.png
  artifactKey: Guid(e0f01d5b42677b447a057ce1b9fe6bf4) Importer(815301076,1909f56bfc062723c751e8b465ee728b)
Start importing Assets/Sprites/Player_Shield/Shields_00014.png using Guid(e0f01d5b42677b447a057ce1b9fe6bf4) Importer(815301076,1909f56bfc062723c751e8b465ee728b)  -> (artifact id: '74854e2abfb1105007ecac6fe98fc399') in 0.190056 seconds 
========================================================================
Received Import Request.
  Time since last request: 12.421175 seconds.
  path: Assets/Sprites/Player_Shield/Shields_00001.png
  artifactKey: Guid(a33809a783f7acd4fb66e0f1131c32d8) Importer(815301076,1909f56bfc062723c751e8b465ee728b)
Start importing Assets/Sprites/Player_Shield/Shields_00001.png using Guid(a33809a783f7acd4fb66e0f1131c32d8) Importer(815301076,1909f56bfc062723c751e8b465ee728b)  -> (artifact id: 'e7d0dd215b56e6ce432de77f3be135ec') in 1.026551 seconds 
========================================================================
Received Import Request.
  Time since last request: 0.000085 seconds.
  path: Assets/Sprites/Player_Shield/Shields_00003.png
  artifactKey: Guid(cc9ceac919314704ca6521890992bac7) Importer(815301076,1909f56bfc062723c751e8b465ee728b)
Start importing Assets/Sprites/Player_Shield/Shields_00003.png using Guid(cc9ceac919314704ca6521890992bac7) Importer(815301076,1909f56bfc062723c751e8b465ee728b)  -> (artifact id: 'da46ef418463977685f488cafaacfd2c') in 1.208751 seconds 
========================================================================
Received Import Request.
  Time since last request: 0.000047 seconds.
  path: Assets/Sprites/Player_Shield/Shields_00013.png
  artifactKey: Guid(a50b6a610d247ce43882a4c17afdedcc) Importer(815301076,1909f56bfc062723c751e8b465ee728b)
Start importing Assets/Sprites/Player_Shield/Shields_00013.png using Guid(a50b6a610d247ce43882a4c17afdedcc) Importer(815301076,1909f56bfc062723c751e8b465ee728b)  -> (artifact id: '9cca5e7c352badd3e123c51ef33e7e25') in 0.174851 seconds 
========================================================================
Received Import Request.
  Time since last request: 0.000033 seconds.
  path: Assets/Sprites/Player_Shield/Shields_00012.png
  artifactKey: Guid(3f3082ac25696be49b3f79f10142b121) Importer(815301076,1909f56bfc062723c751e8b465ee728b)
Start importing Assets/Sprites/Player_Shield/Shields_00012.png using Guid(3f3082ac25696be49b3f79f10142b121) Importer(815301076,1909f56bfc062723c751e8b465ee728b)  -> (artifact id: '46248ea57beab40d0acc318f090bb509') in 0.365951 seconds 
Editor requested this worker to shutdown with reason: Scaling down because of idle timeout
AssetImportWorker is now disconnected from the server
Process exiting
Exiting without the bug reporter. Application will terminate with return code 0